The following modules were not unloaded:
  (Use "module --force purge" to unload all):

  1) snicenvironment   2) systemdefault
LAAB_REPS=10 LAAB_N=3000 LAAB_PREFIX='' /usr/bin/make -C ../../C/ run
gcc -O3  sgemm.c -c
gcc sgemm.o -o sgemm -lopenblas
gcc -O3  ssyrk.c -c
gcc ssyrk.o -o ssyrk -lopenblas
gcc -O3  strmm.c -c
gcc strmm.o -o strmm -lopenblas
gcc -O3  stridiagmm.c -c -fopenmp
gcc stridiagmm.o -o stridiagmm -fopenmp
REP=10  ./sgemm 3000 3000 3000
[LAAB] C | sgemm | optimized=0.496 s
[LAAB] C | sgemm | optimized=0.495 s
[LAAB] C | sgemm | optimized=0.495 s
[LAAB] C | sgemm | optimized=0.496 s
[LAAB] C | sgemm | optimized=0.495 s
[LAAB] C | sgemm | optimized=0.496 s
[LAAB] C | sgemm | optimized=0.495 s
[LAAB] C | sgemm | optimized=0.496 s
[LAAB] C | sgemm | optimized=0.495 s
[LAAB] C | sgemm | optimized=0.496 s
REP=10  ./ssyrk 3000 3000
[LAAB] C | mp_syrk | optimized=0.255 s
[LAAB] C | mp_syrk | optimized=0.253 s
[LAAB] C | mp_syrk | optimized=0.254 s
[LAAB] C | mp_syrk | optimized=0.253 s
[LAAB] C | mp_syrk | optimized=0.253 s
[LAAB] C | mp_syrk | optimized=0.253 s
[LAAB] C | mp_syrk | optimized=0.253 s
[LAAB] C | mp_syrk | optimized=0.254 s
[LAAB] C | mp_syrk | optimized=0.253 s
[LAAB] C | mp_syrk | optimized=0.253 s
REP=10  ./strmm 3000 3000
[LAAB] C | mp_trmm | optimized=0.248 s
[LAAB] C | mp_trmm | optimized=0.247 s
[LAAB] C | mp_trmm | optimized=0.247 s
[LAAB] C | mp_trmm | optimized=0.247 s
[LAAB] C | mp_trmm | optimized=0.247 s
[LAAB] C | mp_trmm | optimized=0.247 s
[LAAB] C | mp_trmm | optimized=0.247 s
[LAAB] C | mp_trmm | optimized=0.248 s
[LAAB] C | mp_trmm | optimized=0.247 s
[LAAB] C | mp_trmm | optimized=0.247 s
REP=10  ./stridiagmm 3000 3000
[LAAB] C | mp_tridiag | optimized=0.004726 s
[LAAB] C | mp_tridiag | optimized=0.004583 s
[LAAB] C | mp_tridiag | optimized=0.004351 s
[LAAB] C | mp_tridiag | optimized=0.004396 s
[LAAB] C | mp_tridiag | optimized=0.004392 s
[LAAB] C | mp_tridiag | optimized=0.004445 s
[LAAB] C | mp_tridiag | optimized=0.004440 s
[LAAB] C | mp_tridiag | optimized=0.004392 s
[LAAB] C | mp_tridiag | optimized=0.004387 s
[LAAB] C | mp_tridiag | optimized=0.004388 s
rm *.o sgemm ssyrk strmm stridiagmm
LAAB_REPS=10 LAAB_N=3000  python sgemm.py 
[LAAB] PyTorch | sgemm | actual=0.51009 s | linalg_matmul=0.51285 s
[LAAB] PyTorch | sgemm | actual=0.50903 s | linalg_matmul=0.51258 s
[LAAB] PyTorch | sgemm | actual=0.50866 s | linalg_matmul=0.51225 s
[LAAB] PyTorch | sgemm | actual=0.50832 s | linalg_matmul=0.51175 s
[LAAB] PyTorch | sgemm | actual=0.50844 s | linalg_matmul=0.51187 s
[LAAB] PyTorch | sgemm | actual=0.50859 s | linalg_matmul=0.51189 s
[LAAB] PyTorch | sgemm | actual=0.50853 s | linalg_matmul=0.51188 s
[LAAB] PyTorch | sgemm | actual=0.50878 s | linalg_matmul=0.51187 s
[LAAB] PyTorch | sgemm | actual=0.50873 s | linalg_matmul=0.51212 s
[LAAB] PyTorch | sgemm | actual=0.50885 s | linalg_matmul=0.51174 s
LAAB_REPS=10 LAAB_N=3000  python cse_addition.py 
[LAAB] PyTorch | cse_addition | optimized=0.52725 s | actual=0.52564 s
[LAAB] PyTorch | cse_addition | optimized=0.52724 s | actual=0.52390 s
[LAAB] PyTorch | cse_addition | optimized=0.52657 s | actual=0.52350 s
[LAAB] PyTorch | cse_addition | optimized=0.52630 s | actual=0.52352 s
[LAAB] PyTorch | cse_addition | optimized=0.52625 s | actual=0.52349 s
[LAAB] PyTorch | cse_addition | optimized=0.52646 s | actual=0.52378 s
[LAAB] PyTorch | cse_addition | optimized=0.52631 s | actual=0.52378 s
[LAAB] PyTorch | cse_addition | optimized=0.52326 s | actual=0.52677 s
[LAAB] PyTorch | cse_addition | optimized=0.52365 s | actual=0.52662 s
[LAAB] PyTorch | cse_addition | optimized=0.52340 s | actual=0.52663 s
LAAB_REPS=10 LAAB_N=3000  python cse_matmul_paranthesis.py 
[LAAB] PyTorch | cse_matmul_paranthesis | optimized=1.02099 s | actual=1.02209 s
[LAAB] PyTorch | cse_matmul_paranthesis | optimized=1.02182 s | actual=1.02154 s
[LAAB] PyTorch | cse_matmul_paranthesis | optimized=1.02087 s | actual=1.02093 s
[LAAB] PyTorch | cse_matmul_paranthesis | optimized=1.02102 s | actual=1.02102 s
[LAAB] PyTorch | cse_matmul_paranthesis | optimized=1.02113 s | actual=1.02141 s
[LAAB] PyTorch | cse_matmul_paranthesis | optimized=1.02103 s | actual=1.02106 s
[LAAB] PyTorch | cse_matmul_paranthesis | optimized=1.02102 s | actual=1.02133 s
[LAAB] PyTorch | cse_matmul_paranthesis | optimized=1.02058 s | actual=1.02022 s
[LAAB] PyTorch | cse_matmul_paranthesis | optimized=1.04198 s | actual=1.02151 s
[LAAB] PyTorch | cse_matmul_paranthesis | optimized=1.02121 s | actual=1.02324 s
LAAB_REPS=10 LAAB_N=3000  python cse_matmul_no_paranthesis.py 
[LAAB] PyTorch | cse_matmul_no_paranthesis | optimized=1.01667 s | actual=1.52830 s
[LAAB] PyTorch | cse_matmul_no_paranthesis | optimized=1.01709 s | actual=1.53048 s
[LAAB] PyTorch | cse_matmul_no_paranthesis | optimized=1.01666 s | actual=1.52731 s
[LAAB] PyTorch | cse_matmul_no_paranthesis | optimized=1.01742 s | actual=1.52977 s
[LAAB] PyTorch | cse_matmul_no_paranthesis | optimized=1.01666 s | actual=1.52718 s
[LAAB] PyTorch | cse_matmul_no_paranthesis | optimized=1.01665 s | actual=1.52961 s
[LAAB] PyTorch | cse_matmul_no_paranthesis | optimized=1.01613 s | actual=1.52639 s
[LAAB] PyTorch | cse_matmul_no_paranthesis | optimized=1.01626 s | actual=1.52913 s
[LAAB] PyTorch | cse_matmul_no_paranthesis | optimized=1.01600 s | actual=1.52693 s
[LAAB] PyTorch | cse_matmul_no_paranthesis | optimized=1.01723 s | actual=1.53024 s
LAAB_REPS=10 LAAB_N=3000  python cse_suboptimal.py 
[LAAB] PyTorch | cse_suboptimal | optimized=0.01421 s | actual=1.53231 s
[LAAB] PyTorch | cse_suboptimal | optimized=0.01407 s | actual=1.53088 s
[LAAB] PyTorch | cse_suboptimal | optimized=0.01337 s | actual=1.52851 s
[LAAB] PyTorch | cse_suboptimal | optimized=0.01324 s | actual=1.53017 s
[LAAB] PyTorch | cse_suboptimal | optimized=0.01358 s | actual=1.52813 s
[LAAB] PyTorch | cse_suboptimal | optimized=0.01339 s | actual=1.52998 s
[LAAB] PyTorch | cse_suboptimal | optimized=0.01589 s | actual=1.52774 s
[LAAB] PyTorch | cse_suboptimal | optimized=0.01361 s | actual=1.52888 s
[LAAB] PyTorch | cse_suboptimal | optimized=0.01327 s | actual=1.53130 s
[LAAB] PyTorch | cse_suboptimal | optimized=0.01334 s | actual=1.52819 s
LAAB_REPS=10 LAAB_N=3000  python matchain_ltor.py 
[LAAB] PyTorch | matchain_ltor | optimized=0.00592 s | actual=0.00826 s | linalg_multidot=0.03415 s
[LAAB] PyTorch | matchain_ltor | optimized=0.00595 s | actual=0.00604 s | linalg_multidot=0.00596 s
[LAAB] PyTorch | matchain_ltor | optimized=0.00559 s | actual=0.00555 s | linalg_multidot=0.00555 s
[LAAB] PyTorch | matchain_ltor | optimized=0.00554 s | actual=0.00554 s | linalg_multidot=0.00553 s
[LAAB] PyTorch | matchain_ltor | optimized=0.00581 s | actual=0.00567 s | linalg_multidot=0.00585 s
[LAAB] PyTorch | matchain_ltor | optimized=0.00582 s | actual=0.00581 s | linalg_multidot=0.00582 s
[LAAB] PyTorch | matchain_ltor | optimized=0.00582 s | actual=0.00581 s | linalg_multidot=0.00581 s
[LAAB] PyTorch | matchain_ltor | optimized=0.00580 s | actual=0.00582 s | linalg_multidot=0.00583 s
[LAAB] PyTorch | matchain_ltor | optimized=0.00582 s | actual=0.00584 s | linalg_multidot=0.00581 s
[LAAB] PyTorch | matchain_ltor | optimized=0.00580 s | actual=0.00582 s | linalg_multidot=0.00582 s
LAAB_REPS=10 LAAB_N=3000  python matchain_rtol.py 
[LAAB] PyTorch | matchain_rtol | optimized=0.00564 s | actual=0.51346 s | linalg_multidot=0.03464 s
[LAAB] PyTorch | matchain_rtol | optimized=0.00570 s | actual=0.51253 s | linalg_multidot=0.00693 s
[LAAB] PyTorch | matchain_rtol | optimized=0.00531 s | actual=0.50970 s | linalg_multidot=0.00622 s
[LAAB] PyTorch | matchain_rtol | optimized=0.00531 s | actual=0.51264 s | linalg_multidot=0.00619 s
[LAAB] PyTorch | matchain_rtol | optimized=0.00536 s | actual=0.51005 s | linalg_multidot=0.00617 s
[LAAB] PyTorch | matchain_rtol | optimized=0.00535 s | actual=0.51202 s | linalg_multidot=0.00650 s
[LAAB] PyTorch | matchain_rtol | optimized=0.00532 s | actual=0.50964 s | linalg_multidot=0.00588 s
[LAAB] PyTorch | matchain_rtol | optimized=0.00534 s | actual=0.51252 s | linalg_multidot=0.00634 s
[LAAB] PyTorch | matchain_rtol | optimized=0.00532 s | actual=0.51013 s | linalg_multidot=0.00635 s
[LAAB] PyTorch | matchain_rtol | optimized=0.00532 s | actual=0.51232 s | linalg_multidot=0.00654 s
LAAB_REPS=10 LAAB_N=3000  python matchain_mixed.py 
[LAAB] PyTorch | matchain_mixed | optimized=0.02532 s | actual=0.54977 s | linalg_multidot=0.05379 s
[LAAB] PyTorch | matchain_mixed | optimized=0.02455 s | actual=0.53092 s | linalg_multidot=0.02549 s
[LAAB] PyTorch | matchain_mixed | optimized=0.02470 s | actual=0.52746 s | linalg_multidot=0.02534 s
[LAAB] PyTorch | matchain_mixed | optimized=0.02476 s | actual=0.53176 s | linalg_multidot=0.02538 s
[LAAB] PyTorch | matchain_mixed | optimized=0.02431 s | actual=0.53126 s | linalg_multidot=0.02501 s
[LAAB] PyTorch | matchain_mixed | optimized=0.02487 s | actual=0.55026 s | linalg_multidot=0.02557 s
[LAAB] PyTorch | matchain_mixed | optimized=0.02380 s | actual=0.53239 s | linalg_multidot=0.02508 s
[LAAB] PyTorch | matchain_mixed | optimized=0.02378 s | actual=0.52755 s | linalg_multidot=0.02517 s
[LAAB] PyTorch | matchain_mixed | optimized=0.02457 s | actual=0.53009 s | linalg_multidot=0.02496 s
[LAAB] PyTorch | matchain_mixed | optimized=0.02463 s | actual=0.52804 s | linalg_multidot=0.02502 s
LAAB_REPS=10 LAAB_N=3000  python mp_trmm.py 
[LAAB] PyTorch | mp_trmm | actual=0.50709 s | linalg_matmul=0.50870 s
[LAAB] PyTorch | mp_trmm | actual=0.50573 s | linalg_matmul=0.50891 s
[LAAB] PyTorch | mp_trmm | actual=0.50662 s | linalg_matmul=0.50857 s
[LAAB] PyTorch | mp_trmm | actual=0.50545 s | linalg_matmul=0.50851 s
[LAAB] PyTorch | mp_trmm | actual=0.50555 s | linalg_matmul=0.50843 s
[LAAB] PyTorch | mp_trmm | actual=0.50551 s | linalg_matmul=0.50884 s
[LAAB] PyTorch | mp_trmm | actual=0.50635 s | linalg_matmul=0.50901 s
[LAAB] PyTorch | mp_trmm | actual=0.50570 s | linalg_matmul=0.50824 s
[LAAB] PyTorch | mp_trmm | actual=0.50527 s | linalg_matmul=0.50859 s
[LAAB] PyTorch | mp_trmm | actual=0.50522 s | linalg_matmul=0.50849 s
LAAB_REPS=10 LAAB_N=3000  python mp_syrk.py 
[LAAB] PyTorch | mp_syrk | actual=0.50807 s | linalg_matmul=0.50990 s
[LAAB] PyTorch | mp_syrk | actual=0.50657 s | linalg_matmul=0.50980 s
[LAAB] PyTorch | mp_syrk | actual=0.50635 s | linalg_matmul=0.50931 s
[LAAB] PyTorch | mp_syrk | actual=0.50658 s | linalg_matmul=0.50971 s
[LAAB] PyTorch | mp_syrk | actual=0.50620 s | linalg_matmul=0.50934 s
[LAAB] PyTorch | mp_syrk | actual=0.50625 s | linalg_matmul=0.50956 s
[LAAB] PyTorch | mp_syrk | actual=0.50654 s | linalg_matmul=0.50962 s
[LAAB] PyTorch | mp_syrk | actual=0.50667 s | linalg_matmul=0.50981 s
[LAAB] PyTorch | mp_syrk | actual=0.50651 s | linalg_matmul=0.51025 s
[LAAB] PyTorch | mp_syrk | actual=0.50653 s | linalg_matmul=0.50971 s
LAAB_REPS=10 LAAB_N=3000  python mp_tridiag.py 
[LAAB] PyTorch | mp_tridiag | actual=0.50991 s | linalg_matmul=0.51174 s
[LAAB] PyTorch | mp_tridiag | actual=0.50975 s | linalg_matmul=0.51168 s
[LAAB] PyTorch | mp_tridiag | actual=0.50820 s | linalg_matmul=0.51171 s
[LAAB] PyTorch | mp_tridiag | actual=0.50983 s | linalg_matmul=0.51308 s
[LAAB] PyTorch | mp_tridiag | actual=0.50840 s | linalg_matmul=0.51147 s
[LAAB] PyTorch | mp_tridiag | actual=0.50823 s | linalg_matmul=0.51141 s
[LAAB] PyTorch | mp_tridiag | actual=0.50817 s | linalg_matmul=0.51123 s
[LAAB] PyTorch | mp_tridiag | actual=0.50822 s | linalg_matmul=0.51204 s
[LAAB] PyTorch | mp_tridiag | actual=0.50818 s | linalg_matmul=0.51198 s
[LAAB] PyTorch | mp_tridiag | actual=0.50985 s | linalg_matmul=0.51228 s
LAAB_REPS=10 LAAB_N=3000  python am_distributivity1.py 
[LAAB] PyTorch | am_distributivity1 | optimized=0.52854 s | actual=1.04387 s
[LAAB] PyTorch | am_distributivity1 | optimized=0.53271 s | actual=1.04223 s
[LAAB] PyTorch | am_distributivity1 | optimized=0.52828 s | actual=1.04250 s
[LAAB] PyTorch | am_distributivity1 | optimized=0.53273 s | actual=1.04214 s
[LAAB] PyTorch | am_distributivity1 | optimized=0.53139 s | actual=1.04202 s
[LAAB] PyTorch | am_distributivity1 | optimized=0.52954 s | actual=1.04265 s
[LAAB] PyTorch | am_distributivity1 | optimized=0.53292 s | actual=1.04239 s
[LAAB] PyTorch | am_distributivity1 | optimized=0.52859 s | actual=1.04282 s
[LAAB] PyTorch | am_distributivity1 | optimized=0.53244 s | actual=1.04261 s
[LAAB] PyTorch | am_distributivity1 | optimized=0.52919 s | actual=1.06035 s
LAAB_REPS=10 LAAB_N=3000  python am_distributivity2.py 
[LAAB] PyTorch | am_distributivity2 | optimized=0.01015 s | actual=0.53038 s
[LAAB] PyTorch | am_distributivity2 | optimized=0.01032 s | actual=0.53073 s
[LAAB] PyTorch | am_distributivity2 | optimized=0.00979 s | actual=0.52688 s
[LAAB] PyTorch | am_distributivity2 | optimized=0.00975 s | actual=0.53050 s
[LAAB] PyTorch | am_distributivity2 | optimized=0.00978 s | actual=0.52668 s
[LAAB] PyTorch | am_distributivity2 | optimized=0.00973 s | actual=0.52969 s
[LAAB] PyTorch | am_distributivity2 | optimized=0.00971 s | actual=0.52672 s
[LAAB] PyTorch | am_distributivity2 | optimized=0.00972 s | actual=0.52990 s
[LAAB] PyTorch | am_distributivity2 | optimized=0.00971 s | actual=0.52988 s
[LAAB] PyTorch | am_distributivity2 | optimized=0.00971 s | actual=0.52672 s
LAAB_REPS=10 LAAB_N=3000  python am_blocked.py 
[LAAB] PyTorch | am_blocked | optimized=0.27918 s | actual=0.51102 s  | linalg_matmul=0.51073 s
[LAAB] PyTorch | am_blocked | optimized=0.27301 s | actual=0.51381 s  | linalg_matmul=0.50975 s
[LAAB] PyTorch | am_blocked | optimized=0.28234 s | actual=0.51378 s  | linalg_matmul=0.50966 s
[LAAB] PyTorch | am_blocked | optimized=0.27873 s | actual=0.50945 s  | linalg_matmul=0.51348 s
[LAAB] PyTorch | am_blocked | optimized=0.26388 s | actual=0.49787 s  | linalg_matmul=0.51369 s
[LAAB] PyTorch | am_blocked | optimized=0.27010 s | actual=0.49740 s  | linalg_matmul=0.51347 s
[LAAB] PyTorch | am_blocked | optimized=0.26606 s | actual=0.51412 s  | linalg_matmul=0.50943 s
[LAAB] PyTorch | am_blocked | optimized=0.26981 s | actual=0.50179 s  | linalg_matmul=0.50939 s
[LAAB] PyTorch | am_blocked | optimized=0.27057 s | actual=0.51435 s  | linalg_matmul=0.50988 s
[LAAB] PyTorch | am_blocked | optimized=0.27690 s | actual=0.50957 s  | linalg_matmul=0.50957 s
LAAB_REPS=10 LAAB_N=3000  python cm_loops.py 
[LAAB] PyTorch | cm_loops | optimized=0.62526 s | actual=1.66955 s
[LAAB] PyTorch | cm_loops | optimized=0.54753 s | actual=0.54887 s
[LAAB] PyTorch | cm_loops | optimized=0.54514 s | actual=0.54889 s
[LAAB] PyTorch | cm_loops | optimized=0.54548 s | actual=0.54793 s
[LAAB] PyTorch | cm_loops | optimized=0.54559 s | actual=0.54838 s
[LAAB] PyTorch | cm_loops | optimized=0.54478 s | actual=0.54831 s
[LAAB] PyTorch | cm_loops | optimized=0.54892 s | actual=0.54760 s
[LAAB] PyTorch | cm_loops | optimized=0.54825 s | actual=0.54432 s
[LAAB] PyTorch | cm_loops | optimized=0.54920 s | actual=0.54568 s
[LAAB] PyTorch | cm_loops | optimized=0.54916 s | actual=0.54563 s
LAAB_REPS=10 LAAB_N=3000  python cm_partial_op_sum.py 
[LAAB] PyTorch | cm_partial_op_sum | optimized=0.00253 s | actual=0.04636 s
[LAAB] PyTorch | cm_partial_op_sum | optimized=0.00241 s | actual=0.01618 s
[LAAB] PyTorch | cm_partial_op_sum | optimized=0.00207 s | actual=0.01584 s
[LAAB] PyTorch | cm_partial_op_sum | optimized=0.00206 s | actual=0.01573 s
[LAAB] PyTorch | cm_partial_op_sum | optimized=0.00206 s | actual=0.01579 s
[LAAB] PyTorch | cm_partial_op_sum | optimized=0.00205 s | actual=0.01573 s
[LAAB] PyTorch | cm_partial_op_sum | optimized=0.00207 s | actual=0.01576 s
[LAAB] PyTorch | cm_partial_op_sum | optimized=0.00206 s | actual=0.01571 s
[LAAB] PyTorch | cm_partial_op_sum | optimized=0.00206 s | actual=0.01575 s
[LAAB] PyTorch | cm_partial_op_sum | optimized=0.00208 s | actual=0.01582 s
LAAB_REPS=10 LAAB_N=3000  python cm_partial_op_prod.py 
[LAAB] PyTorch | cm_partial_op_prod | optimized=0.00285 s | actual=0.53534 s
[LAAB] PyTorch | cm_partial_op_prod | optimized=0.00284 s | actual=0.50722 s
[LAAB] PyTorch | cm_partial_op_prod | optimized=0.00252 s | actual=0.50402 s
[LAAB] PyTorch | cm_partial_op_prod | optimized=0.00250 s | actual=0.50606 s
[LAAB] PyTorch | cm_partial_op_prod | optimized=0.00255 s | actual=0.50319 s
[LAAB] PyTorch | cm_partial_op_prod | optimized=0.00253 s | actual=0.50639 s
[LAAB] PyTorch | cm_partial_op_prod | optimized=0.00251 s | actual=0.50363 s
[LAAB] PyTorch | cm_partial_op_prod | optimized=0.00249 s | actual=0.50597 s
[LAAB] PyTorch | cm_partial_op_prod | optimized=0.00249 s | actual=0.50319 s
[LAAB] PyTorch | cm_partial_op_prod | optimized=0.00249 s | actual=0.50611 s
