The following modules were not unloaded:
  (Use "module --force purge" to unload all):

  1) snicenvironment   2) systemdefault
LAAB_REPS=10 LAAB_N=3000 LAAB_PREFIX='taskset -c 0' LD_BLAS=-lopenblas /usr/bin/make -C ../../C/ run
REP=10 taskset -c 0 ./sgemm 3000 3000 3000
[LAAB] C | sgemm | optimized=0.497 s
[LAAB] C | sgemm | optimized=0.495 s
[LAAB] C | sgemm | optimized=0.495 s
[LAAB] C | sgemm | optimized=0.497 s
[LAAB] C | sgemm | optimized=0.495 s
[LAAB] C | sgemm | optimized=0.496 s
[LAAB] C | sgemm | optimized=0.495 s
[LAAB] C | sgemm | optimized=0.496 s
[LAAB] C | sgemm | optimized=0.495 s
[LAAB] C | sgemm | optimized=0.497 s
REP=10 taskset -c 0 ./ssyrk 3000 3000
[LAAB] C | mp_syrk | optimized=0.256 s
[LAAB] C | mp_syrk | optimized=0.255 s
[LAAB] C | mp_syrk | optimized=0.255 s
[LAAB] C | mp_syrk | optimized=0.255 s
[LAAB] C | mp_syrk | optimized=0.255 s
[LAAB] C | mp_syrk | optimized=0.255 s
[LAAB] C | mp_syrk | optimized=0.255 s
[LAAB] C | mp_syrk | optimized=0.256 s
[LAAB] C | mp_syrk | optimized=0.255 s
[LAAB] C | mp_syrk | optimized=0.255 s
REP=10 taskset -c 0 ./strmm 3000 3000
[LAAB] C | mp_trmm | optimized=0.250 s
[LAAB] C | mp_trmm | optimized=0.248 s
[LAAB] C | mp_trmm | optimized=0.248 s
[LAAB] C | mp_trmm | optimized=0.248 s
[LAAB] C | mp_trmm | optimized=0.248 s
[LAAB] C | mp_trmm | optimized=0.248 s
[LAAB] C | mp_trmm | optimized=0.248 s
[LAAB] C | mp_trmm | optimized=0.250 s
[LAAB] C | mp_trmm | optimized=0.249 s
[LAAB] C | mp_trmm | optimized=0.249 s
REP=10 taskset -c 0 ./stridiagmm 3000 3000
[LAAB] C | mp_tridiag | optimized=0.004822 s
[LAAB] C | mp_tridiag | optimized=0.004579 s
[LAAB] C | mp_tridiag | optimized=0.004389 s
[LAAB] C | mp_tridiag | optimized=0.004411 s
[LAAB] C | mp_tridiag | optimized=0.004450 s
[LAAB] C | mp_tridiag | optimized=0.004418 s
[LAAB] C | mp_tridiag | optimized=0.004442 s
[LAAB] C | mp_tridiag | optimized=0.004392 s
[LAAB] C | mp_tridiag | optimized=0.004448 s
[LAAB] C | mp_tridiag | optimized=0.004403 s
rm *.o sgemm ssyrk strmm stridiagmm
LAAB_REPS=10 LAAB_N=3000 taskset -c 0 python sgemm.py 
[LAAB] Jax | sgemm | actual=0.57848 s | jnp_matmul=0.56981 s
[LAAB] Jax | sgemm | actual=0.51448 s | jnp_matmul=0.50898 s
[LAAB] Jax | sgemm | actual=0.50759 s | jnp_matmul=0.52549 s
[LAAB] Jax | sgemm | actual=0.51870 s | jnp_matmul=0.50779 s
[LAAB] Jax | sgemm | actual=0.52885 s | jnp_matmul=0.51431 s
[LAAB] Jax | sgemm | actual=0.50742 s | jnp_matmul=0.50748 s
[LAAB] Jax | sgemm | actual=0.53309 s | jnp_matmul=0.51125 s
[LAAB] Jax | sgemm | actual=0.50748 s | jnp_matmul=0.50780 s
[LAAB] Jax | sgemm | actual=0.50698 s | jnp_matmul=0.53193 s
[LAAB] Jax | sgemm | actual=0.51094 s | jnp_matmul=0.50772 s
LAAB_REPS=10 LAAB_N=3000 taskset -c 0 python cse_addition.py 
[LAAB] Jax | cse_addition | optimized=1.09916 s | actual=1.11530 s
[LAAB] Jax | cse_addition | optimized=1.03333 s | actual=1.04072 s
[LAAB] Jax | cse_addition | optimized=1.04452 s | actual=1.01648 s
[LAAB] Jax | cse_addition | optimized=1.04499 s | actual=1.02630 s
[LAAB] Jax | cse_addition | optimized=1.01619 s | actual=1.02644 s
[LAAB] Jax | cse_addition | optimized=1.01579 s | actual=1.04420 s
[LAAB] Jax | cse_addition | optimized=1.04452 s | actual=1.01532 s
[LAAB] Jax | cse_addition | optimized=1.01712 s | actual=1.02765 s
[LAAB] Jax | cse_addition | optimized=1.01641 s | actual=1.01666 s
[LAAB] Jax | cse_addition | optimized=1.01654 s | actual=1.04544 s
LAAB_REPS=10 LAAB_N=3000 taskset -c 0 python cse_matmul_paranthesis.py 
[LAAB] Jax | cse_matmul_paranthesis | optimized=1.09650 s | actual=1.63915 s
[LAAB] Jax | cse_matmul_paranthesis | optimized=1.01780 s | actual=1.55179 s
[LAAB] Jax | cse_matmul_paranthesis | optimized=1.02513 s | actual=1.55209 s
[LAAB] Jax | cse_matmul_paranthesis | optimized=1.05096 s | actual=1.53923 s
[LAAB] Jax | cse_matmul_paranthesis | optimized=1.03435 s | actual=1.53959 s
[LAAB] Jax | cse_matmul_paranthesis | optimized=1.01513 s | actual=1.54046 s
[LAAB] Jax | cse_matmul_paranthesis | optimized=1.01657 s | actual=1.55603 s
[LAAB] Jax | cse_matmul_paranthesis | optimized=1.01594 s | actual=1.52458 s
[LAAB] Jax | cse_matmul_paranthesis | optimized=1.01647 s | actual=1.52359 s
[LAAB] Jax | cse_matmul_paranthesis | optimized=1.03295 s | actual=1.55007 s
LAAB_REPS=10 LAAB_N=3000 taskset -c 0 python cse_matmul_no_paranthesis.py 
[LAAB] Jax | cse_matmul_no_paranthesis | optimized=1.08402 s | actual=1.63281 s
[LAAB] Jax | cse_matmul_no_paranthesis | optimized=1.01384 s | actual=1.53614 s
[LAAB] Jax | cse_matmul_no_paranthesis | optimized=1.01512 s | actual=1.54256 s
[LAAB] Jax | cse_matmul_no_paranthesis | optimized=1.01462 s | actual=1.53507 s
[LAAB] Jax | cse_matmul_no_paranthesis | optimized=1.01319 s | actual=1.53580 s
[LAAB] Jax | cse_matmul_no_paranthesis | optimized=1.02967 s | actual=1.51143 s
[LAAB] Jax | cse_matmul_no_paranthesis | optimized=1.01346 s | actual=1.50686 s
[LAAB] Jax | cse_matmul_no_paranthesis | optimized=1.02153 s | actual=1.53516 s
[LAAB] Jax | cse_matmul_no_paranthesis | optimized=1.01311 s | actual=1.50601 s
[LAAB] Jax | cse_matmul_no_paranthesis | optimized=1.02893 s | actual=1.50714 s
LAAB_REPS=10 LAAB_N=3000 taskset -c 0 python cse_suboptimal.py 
[LAAB] Jax | cse_suboptimal | optimized=0.06990 s | actual=1.64467 s
[LAAB] Jax | cse_suboptimal | optimized=0.05748 s | actual=1.50796 s
[LAAB] Jax | cse_suboptimal | optimized=0.05706 s | actual=1.50738 s
[LAAB] Jax | cse_suboptimal | optimized=0.03978 s | actual=1.50729 s
[LAAB] Jax | cse_suboptimal | optimized=0.04070 s | actual=1.53572 s
[LAAB] Jax | cse_suboptimal | optimized=0.05784 s | actual=1.51907 s
[LAAB] Jax | cse_suboptimal | optimized=0.03984 s | actual=1.52008 s
[LAAB] Jax | cse_suboptimal | optimized=0.04057 s | actual=1.53128 s
[LAAB] Jax | cse_suboptimal | optimized=0.04041 s | actual=1.53449 s
[LAAB] Jax | cse_suboptimal | optimized=0.03981 s | actual=1.50619 s
LAAB_REPS=10 LAAB_N=3000 taskset -c 0 python matchain_ltor.py 
[LAAB] Jax | matchain_ltor | optimized=0.02910 s | actual=0.03237 s | linalg_multidot=0.03122 s
[LAAB] Jax | matchain_ltor | optimized=0.01081 s | actual=0.01101 s | linalg_multidot=0.01118 s
[LAAB] Jax | matchain_ltor | optimized=0.01073 s | actual=0.01123 s | linalg_multidot=0.01103 s
[LAAB] Jax | matchain_ltor | optimized=0.01064 s | actual=0.01117 s | linalg_multidot=0.01104 s
[LAAB] Jax | matchain_ltor | optimized=0.01064 s | actual=0.01117 s | linalg_multidot=0.01108 s
[LAAB] Jax | matchain_ltor | optimized=0.01075 s | actual=0.01097 s | linalg_multidot=0.01095 s
[LAAB] Jax | matchain_ltor | optimized=0.01081 s | actual=0.01129 s | linalg_multidot=0.01101 s
[LAAB] Jax | matchain_ltor | optimized=0.01077 s | actual=0.01118 s | linalg_multidot=0.01097 s
[LAAB] Jax | matchain_ltor | optimized=0.01067 s | actual=0.01100 s | linalg_multidot=0.01080 s
[LAAB] Jax | matchain_ltor | optimized=0.01081 s | actual=0.01118 s | linalg_multidot=0.01089 s
LAAB_REPS=10 LAAB_N=3000 taskset -c 0 python matchain_rtol.py 
[LAAB] Jax | matchain_rtol | optimized=0.03738 s | actual=0.55565 s | linalg_multidot=0.04041 s
[LAAB] Jax | matchain_rtol | optimized=0.01984 s | actual=0.52740 s | linalg_multidot=0.02437 s
[LAAB] Jax | matchain_rtol | optimized=0.02033 s | actual=0.50956 s | linalg_multidot=0.02041 s
[LAAB] Jax | matchain_rtol | optimized=0.01975 s | actual=0.50932 s | linalg_multidot=0.02050 s
[LAAB] Jax | matchain_rtol | optimized=0.01977 s | actual=0.51994 s | linalg_multidot=0.02811 s
[LAAB] Jax | matchain_rtol | optimized=0.01936 s | actual=0.50963 s | linalg_multidot=0.02043 s
[LAAB] Jax | matchain_rtol | optimized=0.01935 s | actual=0.50957 s | linalg_multidot=0.02037 s
[LAAB] Jax | matchain_rtol | optimized=0.01937 s | actual=0.52774 s | linalg_multidot=0.02183 s
[LAAB] Jax | matchain_rtol | optimized=0.01974 s | actual=0.50991 s | linalg_multidot=0.02058 s
[LAAB] Jax | matchain_rtol | optimized=0.01944 s | actual=0.50960 s | linalg_multidot=0.02046 s
LAAB_REPS=10 LAAB_N=3000 taskset -c 0 python matchain_mixed.py 
[LAAB] Jax | matchain_mixed | optimized=0.06168 s | actual=0.59109 s | linalg_multidot=0.06337 s
[LAAB] Jax | matchain_mixed | optimized=0.03607 s | actual=0.57392 s | linalg_multidot=0.03935 s
[LAAB] Jax | matchain_mixed | optimized=0.03707 s | actual=0.54533 s | linalg_multidot=0.03742 s
[LAAB] Jax | matchain_mixed | optimized=0.03577 s | actual=0.54558 s | linalg_multidot=0.03672 s
[LAAB] Jax | matchain_mixed | optimized=0.03632 s | actual=0.56358 s | linalg_multidot=0.04304 s
[LAAB] Jax | matchain_mixed | optimized=0.03596 s | actual=0.54294 s | linalg_multidot=0.03737 s
[LAAB] Jax | matchain_mixed | optimized=0.03613 s | actual=0.55579 s | linalg_multidot=0.04579 s
[LAAB] Jax | matchain_mixed | optimized=0.03623 s | actual=0.54340 s | linalg_multidot=0.03735 s
[LAAB] Jax | matchain_mixed | optimized=0.03576 s | actual=0.54311 s | linalg_multidot=0.03668 s
[LAAB] Jax | matchain_mixed | optimized=0.03618 s | actual=0.55972 s | linalg_multidot=0.04473 s
LAAB_REPS=10 LAAB_N=3000 taskset -c 0 python mp_trmm.py 
[LAAB] Jax | mp_trmm | actual=0.54376 s | jnp_matmul=0.56618 s
[LAAB] Jax | mp_trmm | actual=0.51751 s | jnp_matmul=0.50906 s
[LAAB] Jax | mp_trmm | actual=0.50833 s | jnp_matmul=0.52279 s
[LAAB] Jax | mp_trmm | actual=0.52103 s | jnp_matmul=0.50851 s
[LAAB] Jax | mp_trmm | actual=0.52775 s | jnp_matmul=0.51750 s
[LAAB] Jax | mp_trmm | actual=0.50759 s | jnp_matmul=0.50763 s
[LAAB] Jax | mp_trmm | actual=0.53111 s | jnp_matmul=0.51282 s
[LAAB] Jax | mp_trmm | actual=0.50735 s | jnp_matmul=0.50764 s
[LAAB] Jax | mp_trmm | actual=0.50731 s | jnp_matmul=0.53047 s
[LAAB] Jax | mp_trmm | actual=0.51319 s | jnp_matmul=0.50776 s
LAAB_REPS=10 LAAB_N=3000 taskset -c 0 python mp_syrk.py 
[LAAB] Jax | mp_syrk | actual=0.54384 s | jnp_matmul=0.54390 s
[LAAB] Jax | mp_syrk | actual=0.50753 s | jnp_matmul=0.52364 s
[LAAB] Jax | mp_syrk | actual=0.51077 s | jnp_matmul=0.50849 s
[LAAB] Jax | mp_syrk | actual=0.50720 s | jnp_matmul=0.52385 s
[LAAB] Jax | mp_syrk | actual=0.51094 s | jnp_matmul=0.50758 s
[LAAB] Jax | mp_syrk | actual=0.52608 s | jnp_matmul=0.50978 s
[LAAB] Jax | mp_syrk | actual=0.50674 s | jnp_matmul=0.50786 s
[LAAB] Jax | mp_syrk | actual=0.52777 s | jnp_matmul=0.50826 s
[LAAB] Jax | mp_syrk | actual=0.50682 s | jnp_matmul=0.50746 s
[LAAB] Jax | mp_syrk | actual=0.50659 s | jnp_matmul=0.52772 s
LAAB_REPS=10 LAAB_N=3000 taskset -c 0 python mp_tridiag.py 
[LAAB] Jax | mp_tridiag | actual=0.54339 s | jnp_matmul=0.57311 s
[LAAB] Jax | mp_tridiag | actual=0.51388 s | jnp_matmul=0.51090 s
[LAAB] Jax | mp_tridiag | actual=0.50983 s | jnp_matmul=0.53156 s
[LAAB] Jax | mp_tridiag | actual=0.51827 s | jnp_matmul=0.51037 s
[LAAB] Jax | mp_tridiag | actual=0.53423 s | jnp_matmul=0.51355 s
[LAAB] Jax | mp_tridiag | actual=0.52618 s | jnp_matmul=0.51055 s
[LAAB] Jax | mp_tridiag | actual=0.55966 s | jnp_matmul=0.51165 s
[LAAB] Jax | mp_tridiag | actual=0.50968 s | jnp_matmul=0.51008 s
[LAAB] Jax | mp_tridiag | actual=0.50983 s | jnp_matmul=0.53729 s
[LAAB] Jax | mp_tridiag | actual=0.51144 s | jnp_matmul=0.51013 s
LAAB_REPS=10 LAAB_N=3000 taskset -c 0 python am_distributivity1.py 
[LAAB] Jax | am_distributivity1 | optimized=0.59370 s | actual=1.12694 s
[LAAB] Jax | am_distributivity1 | optimized=0.55024 s | actual=1.03226 s
[LAAB] Jax | am_distributivity1 | optimized=0.53350 s | actual=1.05272 s
[LAAB] Jax | am_distributivity1 | optimized=0.56068 s | actual=1.03041 s
[LAAB] Jax | am_distributivity1 | optimized=0.53305 s | actual=1.04722 s
[LAAB] Jax | am_distributivity1 | optimized=0.54110 s | actual=1.03071 s
[LAAB] Jax | am_distributivity1 | optimized=0.53188 s | actual=1.05529 s
[LAAB] Jax | am_distributivity1 | optimized=0.53413 s | actual=1.03043 s
[LAAB] Jax | am_distributivity1 | optimized=0.55038 s | actual=1.03062 s
[LAAB] Jax | am_distributivity1 | optimized=0.53361 s | actual=1.05297 s
LAAB_REPS=10 LAAB_N=3000 taskset -c 0 python am_distributivity2.py 
[LAAB] Jax | am_distributivity2 | optimized=0.04795 s | actual=0.56118 s
[LAAB] Jax | am_distributivity2 | optimized=0.02439 s | actual=0.54400 s
[LAAB] Jax | am_distributivity2 | optimized=0.02196 s | actual=0.51688 s
[LAAB] Jax | am_distributivity2 | optimized=0.02157 s | actual=0.51606 s
[LAAB] Jax | am_distributivity2 | optimized=0.02990 s | actual=0.53680 s
[LAAB] Jax | am_distributivity2 | optimized=0.02160 s | actual=0.51607 s
[LAAB] Jax | am_distributivity2 | optimized=0.02162 s | actual=0.51791 s
[LAAB] Jax | am_distributivity2 | optimized=0.02385 s | actual=0.54467 s
[LAAB] Jax | am_distributivity2 | optimized=0.02157 s | actual=0.51645 s
[LAAB] Jax | am_distributivity2 | optimized=0.02164 s | actual=0.51620 s
LAAB_REPS=10 LAAB_N=3000 taskset -c 0 python am_blocked.py 
[LAAB] Jax | am_blocked | optimized=0.31397 s | actual=0.54512 s  | jnp_matmul=0.56734 s
[LAAB] Jax | am_blocked | optimized=0.28280 s | actual=0.51544 s  | jnp_matmul=0.50791 s
[LAAB] Jax | am_blocked | optimized=0.28313 s | actual=0.50721 s  | jnp_matmul=0.50727 s
[LAAB] Jax | am_blocked | optimized=0.29265 s | actual=0.51261 s  | jnp_matmul=0.50716 s
[LAAB] Jax | am_blocked | optimized=0.28277 s | actual=0.51872 s  | jnp_matmul=0.50769 s
[LAAB] Jax | am_blocked | optimized=0.29146 s | actual=0.51828 s  | jnp_matmul=0.50765 s
[LAAB] Jax | am_blocked | optimized=0.28065 s | actual=0.50666 s  | jnp_matmul=0.50740 s
[LAAB] Jax | am_blocked | optimized=0.28340 s | actual=0.50766 s  | jnp_matmul=0.51459 s
[LAAB] Jax | am_blocked | optimized=0.29321 s | actual=0.50683 s  | jnp_matmul=0.50789 s
[LAAB] Jax | am_blocked | optimized=0.29190 s | actual=0.50775 s  | jnp_matmul=0.50795 s
LAAB_REPS=10 LAAB_N=3000 taskset -c 0 python cm_loops.py 
[LAAB] Jax | cm_loops | optimized=0.60969 s | actual=0.57268 s
[LAAB] Jax | cm_loops | optimized=0.52920 s | actual=0.53086 s
[LAAB] Jax | cm_loops | optimized=0.52682 s | actual=0.52719 s
[LAAB] Jax | cm_loops | optimized=0.56151 s | actual=0.52554 s
[LAAB] Jax | cm_loops | optimized=0.52799 s | actual=0.52708 s
[LAAB] Jax | cm_loops | optimized=0.52710 s | actual=0.52698 s
[LAAB] Jax | cm_loops | optimized=0.52738 s | actual=0.54383 s
[LAAB] Jax | cm_loops | optimized=0.55324 s | actual=0.52652 s
[LAAB] Jax | cm_loops | optimized=0.52713 s | actual=0.55250 s
[LAAB] Jax | cm_loops | optimized=0.52754 s | actual=0.54980 s
LAAB_REPS=10 LAAB_N=3000 taskset -c 0 python cm_partial_op_sum.py 
[LAAB] Jax | cm_partial_op_sum | optimized=0.00844337 s | actual=0.01090862 s
[LAAB] Jax | cm_partial_op_sum | optimized=0.00001244 s | actual=0.00009123 s
[LAAB] Jax | cm_partial_op_sum | optimized=0.00001088 s | actual=0.00008018 s
[LAAB] Jax | cm_partial_op_sum | optimized=0.00000915 s | actual=0.00005673 s
[LAAB] Jax | cm_partial_op_sum | optimized=0.00000950 s | actual=0.00004632 s
[LAAB] Jax | cm_partial_op_sum | optimized=0.00000898 s | actual=0.00005275 s
[LAAB] Jax | cm_partial_op_sum | optimized=0.00000879 s | actual=0.00004568 s
[LAAB] Jax | cm_partial_op_sum | optimized=0.00000999 s | actual=0.00005628 s
[LAAB] Jax | cm_partial_op_sum | optimized=0.00002656 s | actual=0.00014898 s
[LAAB] Jax | cm_partial_op_sum | optimized=0.00000928 s | actual=0.00004899 s
LAAB_REPS=10 LAAB_N=3000 taskset -c 0 python cm_partial_op_prod.py 
[LAAB] Jax | cm_partial_op_prod | optimized=0.01282 s | actual=0.54887 s
[LAAB] Jax | cm_partial_op_prod | optimized=0.00181 s | actual=0.53057 s
[LAAB] Jax | cm_partial_op_prod | optimized=0.00005 s | actual=0.51959 s
[LAAB] Jax | cm_partial_op_prod | optimized=0.00006 s | actual=0.50897 s
[LAAB] Jax | cm_partial_op_prod | optimized=0.00005 s | actual=0.51216 s
[LAAB] Jax | cm_partial_op_prod | optimized=0.00029 s | actual=0.52997 s
[LAAB] Jax | cm_partial_op_prod | optimized=0.00005 s | actual=0.51208 s
[LAAB] Jax | cm_partial_op_prod | optimized=0.00233 s | actual=0.52599 s
[LAAB] Jax | cm_partial_op_prod | optimized=0.00005 s | actual=0.52081 s
[LAAB] Jax | cm_partial_op_prod | optimized=0.00005 s | actual=0.50886 s
