The following modules were not unloaded:
  (Use "module --force purge" to unload all):

  1) snicenvironment   2) systemdefault
LAAB_REPS=10 LAAB_N=3000 LAAB_PREFIX='' /usr/bin/make -C ../../C/ run
gcc -O3  sgemm.c -c
gcc sgemm.o -o sgemm -lopenblas
gcc -O3  sgemv.c -c
gcc sgemv.o -o sgemv -lopenblas
gcc -O3  ssyrk.c -c
gcc ssyrk.o -o ssyrk -lopenblas
gcc -O3  strmm.c -c
gcc strmm.o -o strmm -lopenblas
gcc -O3  stridiagmm.c -c -fopenmp
gcc stridiagmm.o -o stridiagmm -fopenmp
REP=10  ./sgemm 3000 3000 3000
[LAAB] C | sgemm | ref_positive=0.501 s
[LAAB] C | sgemm | ref_positive=0.499 s
[LAAB] C | sgemm | ref_positive=0.498 s
[LAAB] C | sgemm | ref_positive=0.500 s
[LAAB] C | sgemm | ref_positive=0.499 s
[LAAB] C | sgemm | ref_positive=0.499 s
[LAAB] C | sgemm | ref_positive=0.498 s
[LAAB] C | sgemm | ref_positive=0.500 s
[LAAB] C | sgemm | ref_positive=0.498 s
[LAAB] C | sgemm | ref_positive=0.499 s
REP=10  ./sgemv 3000 3000 3000
[LAAB] C | sgemm | ref_negative=2.262251 s
[LAAB] C | sgemm | ref_negative=2.248195 s
[LAAB] C | sgemm | ref_negative=2.239754 s
[LAAB] C | sgemm | ref_negative=2.225339 s
[LAAB] C | sgemm | ref_negative=2.240306 s
[LAAB] C | sgemm | ref_negative=2.232577 s
[LAAB] C | sgemm | ref_negative=2.256072 s
[LAAB] C | sgemm | ref_negative=2.249857 s
[LAAB] C | sgemm | ref_negative=2.255573 s
[LAAB] C | sgemm | ref_negative=2.253970 s
REP=10  ./ssyrk 3000 3000
[LAAB] C | mp_syrk | ref_positive=0.257 s
[LAAB] C | mp_syrk | ref_positive=0.255 s
[LAAB] C | mp_syrk | ref_positive=0.256 s
[LAAB] C | mp_syrk | ref_positive=0.256 s
[LAAB] C | mp_syrk | ref_positive=0.256 s
[LAAB] C | mp_syrk | ref_positive=0.255 s
[LAAB] C | mp_syrk | ref_positive=0.255 s
[LAAB] C | mp_syrk | ref_positive=0.256 s
[LAAB] C | mp_syrk | ref_positive=0.255 s
[LAAB] C | mp_syrk | ref_positive=0.255 s
REP=10  ./strmm 3000 3000
[LAAB] C | mp_trmm | ref_positive=0.249 s
[LAAB] C | mp_trmm | ref_positive=0.248 s
[LAAB] C | mp_trmm | ref_positive=0.248 s
[LAAB] C | mp_trmm | ref_positive=0.248 s
[LAAB] C | mp_trmm | ref_positive=0.248 s
[LAAB] C | mp_trmm | ref_positive=0.248 s
[LAAB] C | mp_trmm | ref_positive=0.248 s
[LAAB] C | mp_trmm | ref_positive=0.248 s
[LAAB] C | mp_trmm | ref_positive=0.248 s
[LAAB] C | mp_trmm | ref_positive=0.248 s
REP=10  ./stridiagmm 3000 3000
[LAAB] C | mp_tridiag | ref_positive=0.004777 s
[LAAB] C | mp_tridiag | ref_positive=0.004397 s
[LAAB] C | mp_tridiag | ref_positive=0.004386 s
[LAAB] C | mp_tridiag | ref_positive=0.004398 s
[LAAB] C | mp_tridiag | ref_positive=0.004425 s
[LAAB] C | mp_tridiag | ref_positive=0.004411 s
[LAAB] C | mp_tridiag | ref_positive=0.004412 s
[LAAB] C | mp_tridiag | ref_positive=0.004407 s
[LAAB] C | mp_tridiag | ref_positive=0.004402 s
[LAAB] C | mp_tridiag | ref_positive=0.004381 s
rm *.o sgemm sgemv ssyrk strmm stridiagmm
LAAB_REPS=10 LAAB_N=3000  python sgemm.py 
[LAAB] PyTorch | sgemm | operator=0.51690 s | linalg_matmul=0.50970 s
[LAAB] PyTorch | sgemm | operator=0.51234 s | linalg_matmul=0.50916 s
[LAAB] PyTorch | sgemm | operator=0.51187 s | linalg_matmul=0.50895 s
[LAAB] PyTorch | sgemm | operator=0.50812 s | linalg_matmul=0.51121 s
[LAAB] PyTorch | sgemm | operator=0.50853 s | linalg_matmul=0.51203 s
[LAAB] PyTorch | sgemm | operator=0.50836 s | linalg_matmul=0.51146 s
[LAAB] PyTorch | sgemm | operator=0.51229 s | linalg_matmul=0.50866 s
[LAAB] PyTorch | sgemm | operator=0.51108 s | linalg_matmul=0.50830 s
[LAAB] PyTorch | sgemm | operator=0.51227 s | linalg_matmul=0.50913 s
[LAAB] PyTorch | sgemm | operator=0.51148 s | linalg_matmul=0.50855 s
LAAB_REPS=10 LAAB_N=3000  python cse_addition.py 
[LAAB] PyTorch | cse_addition | ref_positive=0.53413 s | operator=0.53342 s | ref_negative=1.06827 s
[LAAB] PyTorch | cse_addition | ref_positive=0.53084 s | operator=0.53223 s | ref_negative=1.06169 s
[LAAB] PyTorch | cse_addition | ref_positive=0.52924 s | operator=0.53196 s | ref_negative=1.05848 s
[LAAB] PyTorch | cse_addition | ref_positive=0.53438 s | operator=0.55486 s | ref_negative=1.06876 s
[LAAB] PyTorch | cse_addition | ref_positive=0.53132 s | operator=0.52809 s | ref_negative=1.06264 s
[LAAB] PyTorch | cse_addition | ref_positive=0.53150 s | operator=0.52825 s | ref_negative=1.06301 s
[LAAB] PyTorch | cse_addition | ref_positive=0.52752 s | operator=0.55582 s | ref_negative=1.05505 s
[LAAB] PyTorch | cse_addition | ref_positive=0.52821 s | operator=0.53131 s | ref_negative=1.05642 s
[LAAB] PyTorch | cse_addition | ref_positive=0.52714 s | operator=0.53072 s | ref_negative=1.05428 s
[LAAB] PyTorch | cse_addition | ref_positive=0.53125 s | operator=0.52790 s | ref_negative=1.06250 s
LAAB_REPS=10 LAAB_N=3000  python cse_matmul_paranthesis.py 
[LAAB] PyTorch | cse_matmul_paranthesis | ref_positive=1.01658 s | operator=1.01600 s | ref_negative=1.52487 s
[LAAB] PyTorch | cse_matmul_paranthesis | ref_positive=1.01639 s | operator=1.01668 s | ref_negative=1.52458 s
[LAAB] PyTorch | cse_matmul_paranthesis | ref_positive=1.01591 s | operator=1.01492 s | ref_negative=1.52387 s
[LAAB] PyTorch | cse_matmul_paranthesis | ref_positive=1.01515 s | operator=1.01480 s | ref_negative=1.52273 s
[LAAB] PyTorch | cse_matmul_paranthesis | ref_positive=1.01508 s | operator=1.01507 s | ref_negative=1.52262 s
[LAAB] PyTorch | cse_matmul_paranthesis | ref_positive=1.01568 s | operator=1.01503 s | ref_negative=1.52352 s
[LAAB] PyTorch | cse_matmul_paranthesis | ref_positive=1.01588 s | operator=1.01542 s | ref_negative=1.52382 s
[LAAB] PyTorch | cse_matmul_paranthesis | ref_positive=1.01573 s | operator=1.01429 s | ref_negative=1.52360 s
[LAAB] PyTorch | cse_matmul_paranthesis | ref_positive=1.01555 s | operator=1.01613 s | ref_negative=1.52333 s
[LAAB] PyTorch | cse_matmul_paranthesis | ref_positive=1.01622 s | operator=1.01540 s | ref_negative=1.52432 s
LAAB_REPS=10 LAAB_N=3000  python cse_matmul_no_paranthesis.py 
[LAAB] PyTorch | cse_matmul_no_paranthesis | ref_positive=1.02182 s | operator=1.53514 s | ref_negative=1.53272 s
[LAAB] PyTorch | cse_matmul_no_paranthesis | ref_positive=1.02085 s | operator=1.53514 s | ref_negative=1.53128 s
[LAAB] PyTorch | cse_matmul_no_paranthesis | ref_positive=1.02029 s | operator=1.53523 s | ref_negative=1.53044 s
[LAAB] PyTorch | cse_matmul_no_paranthesis | ref_positive=1.02055 s | operator=1.53216 s | ref_negative=1.53082 s
[LAAB] PyTorch | cse_matmul_no_paranthesis | ref_positive=1.02239 s | operator=1.53345 s | ref_negative=1.53359 s
[LAAB] PyTorch | cse_matmul_no_paranthesis | ref_positive=1.02272 s | operator=1.53743 s | ref_negative=1.53408 s
[LAAB] PyTorch | cse_matmul_no_paranthesis | ref_positive=1.02191 s | operator=1.53512 s | ref_negative=1.53287 s
[LAAB] PyTorch | cse_matmul_no_paranthesis | ref_positive=1.02182 s | operator=1.53407 s | ref_negative=1.53273 s
[LAAB] PyTorch | cse_matmul_no_paranthesis | ref_positive=1.02368 s | operator=1.53573 s | ref_negative=1.53552 s
[LAAB] PyTorch | cse_matmul_no_paranthesis | ref_positive=1.03897 s | operator=1.53261 s | ref_negative=1.55845 s
LAAB_REPS=10 LAAB_N=3000  python cse_suboptimal.py 
[LAAB] PyTorch | cse_suboptimal | ref_positive=0.01362 s | operator=1.53476 s | ref_negative=1.02315 s
[LAAB] PyTorch | cse_suboptimal | ref_positive=0.01377 s | operator=1.53326 s | ref_negative=1.02199 s
[LAAB] PyTorch | cse_suboptimal | ref_positive=0.01323 s | operator=1.53275 s | ref_negative=1.02218 s
[LAAB] PyTorch | cse_suboptimal | ref_positive=0.01363 s | operator=1.53493 s | ref_negative=1.02226 s
[LAAB] PyTorch | cse_suboptimal | ref_positive=0.01261 s | operator=1.52976 s | ref_negative=1.02083 s
[LAAB] PyTorch | cse_suboptimal | ref_positive=0.01352 s | operator=1.53551 s | ref_negative=1.02350 s
[LAAB] PyTorch | cse_suboptimal | ref_positive=0.01334 s | operator=1.53523 s | ref_negative=1.02262 s
[LAAB] PyTorch | cse_suboptimal | ref_positive=0.01344 s | operator=1.53204 s | ref_negative=1.02098 s
[LAAB] PyTorch | cse_suboptimal | ref_positive=0.01341 s | operator=1.53348 s | ref_negative=1.02142 s
[LAAB] PyTorch | cse_suboptimal | ref_positive=0.01366 s | operator=1.53757 s | ref_negative=1.02304 s
LAAB_REPS=10 LAAB_N=3000  python matchain_ltor.py 
[LAAB] PyTorch | matchain_ltor | ref_positive=0.00571 s | operator=0.00842 s | linalg_multidot=0.03530 s | ref_negative=0.51037 s
[LAAB] PyTorch | matchain_ltor | ref_positive=0.00573 s | operator=0.00835 s | linalg_multidot=0.00590 s | ref_negative=0.50866 s
[LAAB] PyTorch | matchain_ltor | ref_positive=0.00536 s | operator=0.00600 s | linalg_multidot=0.00534 s | ref_negative=0.51113 s
[LAAB] PyTorch | matchain_ltor | ref_positive=0.00524 s | operator=0.00617 s | linalg_multidot=0.00531 s | ref_negative=0.50813 s
[LAAB] PyTorch | matchain_ltor | ref_positive=0.00532 s | operator=0.00606 s | linalg_multidot=0.00534 s | ref_negative=0.51087 s
[LAAB] PyTorch | matchain_ltor | ref_positive=0.00525 s | operator=0.00572 s | linalg_multidot=0.00527 s | ref_negative=0.51137 s
[LAAB] PyTorch | matchain_ltor | ref_positive=0.00531 s | operator=0.00599 s | linalg_multidot=0.00538 s | ref_negative=0.50856 s
[LAAB] PyTorch | matchain_ltor | ref_positive=0.00531 s | operator=0.00600 s | linalg_multidot=0.00535 s | ref_negative=0.51091 s
[LAAB] PyTorch | matchain_ltor | ref_positive=0.00540 s | operator=0.00600 s | linalg_multidot=0.00534 s | ref_negative=0.51128 s
[LAAB] PyTorch | matchain_ltor | ref_positive=0.00520 s | operator=0.00568 s | linalg_multidot=0.00526 s | ref_negative=0.50823 s
LAAB_REPS=10 LAAB_N=3000  python matchain_rtol.py 
[LAAB] PyTorch | matchain_rtol | ref_positive=0.00574 s | operator=0.51578 s | linalg_multidot=0.03475 s | ref_negative=0.51511 s
[LAAB] PyTorch | matchain_rtol | ref_positive=0.00573 s | operator=0.51650 s | linalg_multidot=0.00655 s | ref_negative=0.51219 s
[LAAB] PyTorch | matchain_rtol | ref_positive=0.00537 s | operator=0.51465 s | linalg_multidot=0.00622 s | ref_negative=0.51214 s
[LAAB] PyTorch | matchain_rtol | ref_positive=0.00536 s | operator=0.51449 s | linalg_multidot=0.00600 s | ref_negative=0.51124 s
[LAAB] PyTorch | matchain_rtol | ref_positive=0.00535 s | operator=0.51365 s | linalg_multidot=0.00633 s | ref_negative=0.51488 s
[LAAB] PyTorch | matchain_rtol | ref_positive=0.00529 s | operator=0.51188 s | linalg_multidot=0.00607 s | ref_negative=0.51494 s
[LAAB] PyTorch | matchain_rtol | ref_positive=0.00532 s | operator=0.51154 s | linalg_multidot=0.00594 s | ref_negative=0.51553 s
[LAAB] PyTorch | matchain_rtol | ref_positive=0.00523 s | operator=0.51190 s | linalg_multidot=0.00626 s | ref_negative=0.51419 s
[LAAB] PyTorch | matchain_rtol | ref_positive=0.00534 s | operator=0.51462 s | linalg_multidot=0.00613 s | ref_negative=0.51159 s
[LAAB] PyTorch | matchain_rtol | ref_positive=0.00533 s | operator=0.51447 s | linalg_multidot=0.00608 s | ref_negative=0.51248 s
LAAB_REPS=10 LAAB_N=3000  python matchain_mixed.py 
[LAAB] PyTorch | matchain_mixed | ref_positive=0.02515 s | operator=0.53817 s | linalg_multidot=0.05351 s | ref_negative=0.53982 s
[LAAB] PyTorch | matchain_mixed | ref_positive=0.02426 s | operator=0.54081 s | linalg_multidot=0.02487 s | ref_negative=0.53676 s
[LAAB] PyTorch | matchain_mixed | ref_positive=0.02452 s | operator=0.54093 s | linalg_multidot=0.02510 s | ref_negative=0.53649 s
[LAAB] PyTorch | matchain_mixed | ref_positive=0.02475 s | operator=0.55529 s | linalg_multidot=0.02479 s | ref_negative=0.54014 s
[LAAB] PyTorch | matchain_mixed | ref_positive=0.02463 s | operator=0.53644 s | linalg_multidot=0.02483 s | ref_negative=0.53987 s
[LAAB] PyTorch | matchain_mixed | ref_positive=0.02457 s | operator=0.53980 s | linalg_multidot=0.02472 s | ref_negative=0.56000 s
[LAAB] PyTorch | matchain_mixed | ref_positive=0.02432 s | operator=0.54017 s | linalg_multidot=0.02489 s | ref_negative=0.53580 s
[LAAB] PyTorch | matchain_mixed | ref_positive=0.02456 s | operator=0.53673 s | linalg_multidot=0.02480 s | ref_negative=0.53993 s
[LAAB] PyTorch | matchain_mixed | ref_positive=0.02459 s | operator=0.53700 s | linalg_multidot=0.02481 s | ref_negative=0.53974 s
[LAAB] PyTorch | matchain_mixed | ref_positive=0.02449 s | operator=0.53947 s | linalg_multidot=0.02485 s | ref_negative=0.53649 s
LAAB_REPS=10 LAAB_N=3000  python mp_trmm.py 
[LAAB] PyTorch | mp_trmm | operator=0.51276 s | linalg_matmul=0.51586 s | ref_negative=R+sgemm
[LAAB] PyTorch | mp_trmm | operator=0.51516 s | linalg_matmul=0.51327 s | ref_negative=R+sgemm
[LAAB] PyTorch | mp_trmm | operator=0.51539 s | linalg_matmul=0.51176 s | ref_negative=R+sgemm
[LAAB] PyTorch | mp_trmm | operator=0.51498 s | linalg_matmul=0.51191 s | ref_negative=R+sgemm
[LAAB] PyTorch | mp_trmm | operator=0.51142 s | linalg_matmul=0.51498 s | ref_negative=R+sgemm
[LAAB] PyTorch | mp_trmm | operator=0.51152 s | linalg_matmul=0.51471 s | ref_negative=R+sgemm
[LAAB] PyTorch | mp_trmm | operator=0.51156 s | linalg_matmul=0.51443 s | ref_negative=R+sgemm
[LAAB] PyTorch | mp_trmm | operator=0.51467 s | linalg_matmul=0.51142 s | ref_negative=R+sgemm
[LAAB] PyTorch | mp_trmm | operator=0.51453 s | linalg_matmul=0.51152 s | ref_negative=R+sgemm
[LAAB] PyTorch | mp_trmm | operator=0.51492 s | linalg_matmul=0.51147 s | ref_negative=R+sgemm
LAAB_REPS=10 LAAB_N=3000  python mp_syrk.py 
[LAAB] PyTorch | mp_syrk | operator=0.51044 s | linalg_matmul=0.51234 s | ref_negative=R+sgemm
[LAAB] PyTorch | mp_syrk | operator=0.50909 s | linalg_matmul=0.51216 s | ref_negative=R+sgemm
[LAAB] PyTorch | mp_syrk | operator=0.51175 s | linalg_matmul=0.51123 s | ref_negative=R+sgemm
[LAAB] PyTorch | mp_syrk | operator=0.51304 s | linalg_matmul=0.50929 s | ref_negative=R+sgemm
[LAAB] PyTorch | mp_syrk | operator=0.51234 s | linalg_matmul=0.50926 s | ref_negative=R+sgemm
[LAAB] PyTorch | mp_syrk | operator=0.50894 s | linalg_matmul=0.51010 s | ref_negative=R+sgemm
[LAAB] PyTorch | mp_syrk | operator=0.50937 s | linalg_matmul=0.50886 s | ref_negative=R+sgemm
[LAAB] PyTorch | mp_syrk | operator=0.50911 s | linalg_matmul=0.51401 s | ref_negative=R+sgemm
[LAAB] PyTorch | mp_syrk | operator=0.50983 s | linalg_matmul=0.51166 s | ref_negative=R+sgemm
[LAAB] PyTorch | mp_syrk | operator=0.50885 s | linalg_matmul=0.51312 s | ref_negative=R+sgemm
LAAB_REPS=10 LAAB_N=3000  python mp_tridiag.py 
[LAAB] PyTorch | mp_tridiag | operator=0.50754 s | linalg_matmul=0.51036 s | ref_negative=R+sgemm
[LAAB] PyTorch | mp_tridiag | operator=0.51009 s | linalg_matmul=0.50660 s | ref_negative=R+sgemm
[LAAB] PyTorch | mp_tridiag | operator=0.50917 s | linalg_matmul=0.50632 s | ref_negative=R+sgemm
[LAAB] PyTorch | mp_tridiag | operator=0.50990 s | linalg_matmul=0.50748 s | ref_negative=R+sgemm
[LAAB] PyTorch | mp_tridiag | operator=0.50956 s | linalg_matmul=0.50985 s | ref_negative=R+sgemm
[LAAB] PyTorch | mp_tridiag | operator=0.50620 s | linalg_matmul=0.50997 s | ref_negative=R+sgemm
[LAAB] PyTorch | mp_tridiag | operator=0.50628 s | linalg_matmul=0.50966 s | ref_negative=R+sgemm
[LAAB] PyTorch | mp_tridiag | operator=0.50616 s | linalg_matmul=0.50971 s | ref_negative=R+sgemm
[LAAB] PyTorch | mp_tridiag | operator=0.51045 s | linalg_matmul=0.50689 s | ref_negative=R+sgemm
[LAAB] PyTorch | mp_tridiag | operator=0.50968 s | linalg_matmul=0.50667 s | ref_negative=R+sgemm
LAAB_REPS=10 LAAB_N=3000  python am_distributivity1.py 
[LAAB] PyTorch | am_distributivity1 | ref_positive=0.52819 s | operator=1.04253 s | ref_negative=1.04159 s
[LAAB] PyTorch | am_distributivity1 | ref_positive=0.52864 s | operator=1.04218 s | ref_negative=1.04138 s
[LAAB] PyTorch | am_distributivity1 | ref_positive=0.53283 s | operator=1.04262 s | ref_negative=1.05971 s
[LAAB] PyTorch | am_distributivity1 | ref_positive=0.52782 s | operator=1.04153 s | ref_negative=1.06780 s
[LAAB] PyTorch | am_distributivity1 | ref_positive=0.53217 s | operator=1.04102 s | ref_negative=1.04192 s
[LAAB] PyTorch | am_distributivity1 | ref_positive=0.53231 s | operator=1.04059 s | ref_negative=1.04085 s
[LAAB] PyTorch | am_distributivity1 | ref_positive=0.52800 s | operator=1.04100 s | ref_negative=1.04052 s
[LAAB] PyTorch | am_distributivity1 | ref_positive=0.53209 s | operator=1.03703 s | ref_negative=1.04120 s
[LAAB] PyTorch | am_distributivity1 | ref_positive=0.53208 s | operator=1.04001 s | ref_negative=1.04088 s
[LAAB] PyTorch | am_distributivity1 | ref_positive=0.52799 s | operator=1.04070 s | ref_negative=1.04102 s
LAAB_REPS=10 LAAB_N=3000  python am_distributivity2.py 
[LAAB] PyTorch | am_distributivity2 | ref_positive=0.01018 s | operator=0.53701 s | ref_negative=0.53006 s
[LAAB] PyTorch | am_distributivity2 | ref_positive=0.01036 s | operator=0.53305 s | ref_negative=0.52926 s
[LAAB] PyTorch | am_distributivity2 | ref_positive=0.00982 s | operator=0.53204 s | ref_negative=0.52930 s
[LAAB] PyTorch | am_distributivity2 | ref_positive=0.00981 s | operator=0.52908 s | ref_negative=0.53216 s
[LAAB] PyTorch | am_distributivity2 | ref_positive=0.00997 s | operator=0.52915 s | ref_negative=0.53361 s
[LAAB] PyTorch | am_distributivity2 | ref_positive=0.00922 s | operator=0.53149 s | ref_negative=0.52901 s
[LAAB] PyTorch | am_distributivity2 | ref_positive=0.00972 s | operator=0.53232 s | ref_negative=0.52934 s
[LAAB] PyTorch | am_distributivity2 | ref_positive=0.00972 s | operator=0.53230 s | ref_negative=0.52942 s
[LAAB] PyTorch | am_distributivity2 | ref_positive=0.00971 s | operator=0.52932 s | ref_negative=0.53242 s
[LAAB] PyTorch | am_distributivity2 | ref_positive=0.00917 s | operator=0.52932 s | ref_negative=0.53153 s
LAAB_REPS=10 LAAB_N=3000  python am_blocked.py 
[LAAB] PyTorch | am_blocked | ref_positive=0.27966 s | operator=0.50952 s  | linalg_matmul=0.50985 s | ref_negative=0.51219 s
[LAAB] PyTorch | am_blocked | ref_positive=0.27331 s | operator=0.50801 s  | linalg_matmul=0.51302 s | ref_negative=0.50767 s
[LAAB] PyTorch | am_blocked | ref_positive=0.28298 s | operator=0.51219 s  | linalg_matmul=0.50775 s | ref_negative=0.50741 s
[LAAB] PyTorch | am_blocked | ref_positive=0.27919 s | operator=0.51261 s  | linalg_matmul=0.50803 s | ref_negative=0.50050 s
[LAAB] PyTorch | am_blocked | ref_positive=0.26633 s | operator=0.50521 s  | linalg_matmul=0.51328 s | ref_negative=0.50781 s
[LAAB] PyTorch | am_blocked | ref_positive=0.27102 s | operator=0.50791 s  | linalg_matmul=0.50839 s | ref_negative=0.50805 s
[LAAB] PyTorch | am_blocked | ref_positive=0.27915 s | operator=0.51339 s  | linalg_matmul=0.50847 s | ref_negative=0.50113 s
[LAAB] PyTorch | am_blocked | ref_positive=0.26639 s | operator=0.50499 s  | linalg_matmul=0.51350 s | ref_negative=0.51325 s
[LAAB] PyTorch | am_blocked | ref_positive=0.26588 s | operator=0.50766 s  | linalg_matmul=0.51367 s | ref_negative=0.50829 s
[LAAB] PyTorch | am_blocked | ref_positive=0.27834 s | operator=0.51346 s  | linalg_matmul=0.50813 s | ref_negative=0.50819 s
LAAB_REPS=10 LAAB_N=3000  python cm_loops.py 
[LAAB] PyTorch | cm_loops | ref_positive=0.62568 s | operator=1.70535 s | ref_negative=1.87705 s
[LAAB] PyTorch | cm_loops | ref_positive=0.54975 s | operator=0.55204 s | ref_negative=1.64926 s
[LAAB] PyTorch | cm_loops | ref_positive=0.57507 s | operator=0.54806 s | ref_negative=1.72520 s
[LAAB] PyTorch | cm_loops | ref_positive=0.55094 s | operator=0.54753 s | ref_negative=1.65282 s
[LAAB] PyTorch | cm_loops | ref_positive=0.55224 s | operator=0.54800 s | ref_negative=1.65673 s
[LAAB] PyTorch | cm_loops | ref_positive=0.55125 s | operator=0.54841 s | ref_negative=1.65374 s
[LAAB] PyTorch | cm_loops | ref_positive=0.54702 s | operator=0.55081 s | ref_negative=1.64107 s
[LAAB] PyTorch | cm_loops | ref_positive=0.54744 s | operator=0.55155 s | ref_negative=1.64233 s
[LAAB] PyTorch | cm_loops | ref_positive=0.55101 s | operator=0.54759 s | ref_negative=1.65302 s
[LAAB] PyTorch | cm_loops | ref_positive=0.55121 s | operator=0.54752 s | ref_negative=1.65364 s
LAAB_REPS=10 LAAB_N=3000  python cm_partial_op_sum.py 
[LAAB] PyTorch | cm_partial_op_sum | ref_positive=0.00267 s | operator=0.04678 s | ref_negative=0.01622 s
[LAAB] PyTorch | cm_partial_op_sum | ref_positive=0.00274 s | operator=0.01980 s | ref_negative=0.01652 s
[LAAB] PyTorch | cm_partial_op_sum | ref_positive=0.00233 s | operator=0.01932 s | ref_negative=0.01656 s
[LAAB] PyTorch | cm_partial_op_sum | ref_positive=0.00226 s | operator=0.01840 s | ref_negative=0.01573 s
[LAAB] PyTorch | cm_partial_op_sum | ref_positive=0.00236 s | operator=0.01919 s | ref_negative=0.01622 s
[LAAB] PyTorch | cm_partial_op_sum | ref_positive=0.00247 s | operator=0.01944 s | ref_negative=0.01611 s
[LAAB] PyTorch | cm_partial_op_sum | ref_positive=0.00235 s | operator=0.01847 s | ref_negative=0.01539 s
[LAAB] PyTorch | cm_partial_op_sum | ref_positive=0.00230 s | operator=0.01925 s | ref_negative=0.01646 s
[LAAB] PyTorch | cm_partial_op_sum | ref_positive=0.00228 s | operator=0.01842 s | ref_negative=0.01572 s
[LAAB] PyTorch | cm_partial_op_sum | ref_positive=0.00231 s | operator=0.01875 s | ref_negative=0.01617 s
LAAB_REPS=10 LAAB_N=3000  python cm_partial_op_prod.py 
[LAAB] PyTorch | cm_partial_op_prod | ref_positive=0.00483 s | operator=0.53656 s | ref_negative=0.50769 s
[LAAB] PyTorch | cm_partial_op_prod | ref_positive=0.00308 s | operator=0.51121 s | ref_negative=0.50479 s
[LAAB] PyTorch | cm_partial_op_prod | ref_positive=0.00271 s | operator=0.51076 s | ref_negative=0.50459 s
[LAAB] PyTorch | cm_partial_op_prod | ref_positive=0.00275 s | operator=0.51099 s | ref_negative=0.50456 s
[LAAB] PyTorch | cm_partial_op_prod | ref_positive=0.00270 s | operator=0.51054 s | ref_negative=0.50449 s
[LAAB] PyTorch | cm_partial_op_prod | ref_positive=0.00271 s | operator=0.50769 s | ref_negative=0.50777 s
[LAAB] PyTorch | cm_partial_op_prod | ref_positive=0.00270 s | operator=0.50715 s | ref_negative=0.50754 s
[LAAB] PyTorch | cm_partial_op_prod | ref_positive=0.00270 s | operator=0.50740 s | ref_negative=0.50734 s
[LAAB] PyTorch | cm_partial_op_prod | ref_positive=0.00264 s | operator=0.51105 s | ref_negative=0.50596 s
[LAAB] PyTorch | cm_partial_op_prod | ref_positive=0.00276 s | operator=0.51166 s | ref_negative=0.50474 s
